<?xml version="1.0" encoding="UTF-8"?>
<!-- Generated by org.testng.reporters.JUnitXMLReporter -->
<testsuite hostname="EC2AMAZ-J5GP1U8" ignored="0" name="Chrome Test" tests="1" failures="0" timestamp="2021-08-30T06:47:28 UTC" time="4.323" errors="0">
  <testcase name="@BeforeClass invokeBrowser" time="4.199" classname="task7.MultipleBrowserTest">
    <failure type="org.openqa.selenium.SessionNotCreatedException" message="session not created: This version of ChromeDriver only supports Chrome version 84
Build info: version: &amp;apos;3.141.59&amp;apos;, revision: &amp;apos;e82be7d358&amp;apos;, time: &amp;apos;2018-11-14T08:25:53&amp;apos;
System info: host: &amp;apos;EC2AMAZ-J5GP1U8&amp;apos;, ip: &amp;apos;172.31.199.230&amp;apos;, os.name: &amp;apos;Windows Server 2019&amp;apos;, os.arch: &amp;apos;amd64&amp;apos;, os.version: &amp;apos;10.0&amp;apos;, java.version: &amp;apos;1.8.0_241&amp;apos;
Driver info: driver.version: ChromeDriver
remote stacktrace: Backtrace:
	Ordinal0 [0x00DF87E3+2852835]
	Ordinal0 [0x00CE5BB1+1727409]
	Ordinal0 [0x00BBE4B9+517305]
	Ordinal0 [0x00B50BA0+68512]
	Ordinal0 [0x00B4D3A0+54176]
	Ordinal0 [0x00B6D9F7+186871]
	Ordinal0 [0x00B6D7FD+186365]
	Ordinal0 [0x00B6B70B+177931]
	Ordinal0 [0x00B52584+75140]
	Ordinal0 [0x00B53650+79440]
	Ordinal0 [0x00B535E9+79337]
	Ordinal0 [0x00CFAD5C+1813852]
	GetHandleVerifier [0x00F1C616+1075574]
	GetHandleVerifier [0x00F1C367+1074887]
	GetHandleVerifier [0x00F27497+1120247]
	GetHandleVerifier [0x00F1CC16+1077110]
	Ordinal0 [0x00CF3206+1782278]
	Ordinal0 [0x00CFC3BB+1819579]
	Ordinal0 [0x00CFC523+1819939]
	Ordinal0 [0x00D12B45+1911621]
	BaseThreadInitThunk [0x76E10419+25]
	RtlGetAppContainerNamedObjectPath [0x777C662D+237]
	RtlGetAppContainerNamedObjectPath [0x777C65FD+189]
">
      <![CDATA[org.openqa.selenium.SessionNotCreatedException: session not created: This version of ChromeDriver only supports Chrome version 84
Build info: version: '3.141.59', revision: 'e82be7d358', time: '2018-11-14T08:25:53'
System info: host: 'EC2AMAZ-J5GP1U8', ip: '172.31.199.230', os.name: 'Windows Server 2019', os.arch: 'amd64', os.version: '10.0', java.version: '1.8.0_241'
Driver info: driver.version: ChromeDriver
remote stacktrace: Backtrace:
Ordinal0 [0x00DF87E3+2852835]
Ordinal0 [0x00CE5BB1+1727409]
Ordinal0 [0x00BBE4B9+517305]
Ordinal0 [0x00B50BA0+68512]
Ordinal0 [0x00B4D3A0+54176]
Ordinal0 [0x00B6D9F7+186871]
Ordinal0 [0x00B6D7FD+186365]
Ordinal0 [0x00B6B70B+177931]
Ordinal0 [0x00B52584+75140]
Ordinal0 [0x00B53650+79440]
Ordinal0 [0x00B535E9+79337]
Ordinal0 [0x00CFAD5C+1813852]
GetHandleVerifier [0x00F1C616+1075574]
GetHandleVerifier [0x00F1C367+1074887]
GetHandleVerifier [0x00F27497+1120247]
GetHandleVerifier [0x00F1CC16+1077110]
Ordinal0 [0x00CF3206+1782278]
Ordinal0 [0x00CFC3BB+1819579]
Ordinal0 [0x00CFC523+1819939]
Ordinal0 [0x00D12B45+1911621]
BaseThreadInitThunk [0x76E10419+25]
RtlGetAppContainerNamedObjectPath [0x777C662D+237]
RtlGetAppContainerNamedObjectPath [0x777C65FD+189]

at org.openqa.selenium.remote.W3CHandshakeResponse.lambda$errorHandler$0(W3CHandshakeResponse.java:62)
at org.openqa.selenium.remote.HandshakeResponse.lambda$getResponseFunction$0(HandshakeResponse.java:30)
at org.openqa.selenium.remote.ProtocolHandshake.lambda$createSession$0(ProtocolHandshake.java:126)
at java.util.stream.ReferencePipeline$3$1.accept(Unknown Source)
at java.util.Spliterators$ArraySpliterator.tryAdvance(Unknown Source)
at java.util.stream.ReferencePipeline.forEachWithCancel(Unknown Source)
at java.util.stream.AbstractPipeline.copyIntoWithCancel(Unknown Source)
at java.util.stream.AbstractPipeline.copyInto(Unknown Source)
at java.util.stream.AbstractPipeline.wrapAndCopyInto(Unknown Source)
at java.util.stream.FindOps$FindOp.evaluateSequential(Unknown Source)
at java.util.stream.AbstractPipeline.evaluate(Unknown Source)
at java.util.stream.ReferencePipeline.findFirst(Unknown Source)
at org.openqa.selenium.remote.ProtocolHandshake.createSession(ProtocolHandshake.java:128)
at org.openqa.selenium.remote.ProtocolHandshake.createSession(ProtocolHandshake.java:74)
at org.openqa.selenium.remote.HttpCommandExecutor.execute(HttpCommandExecutor.java:136)
at org.openqa.selenium.remote.service.DriverCommandExecutor.execute(DriverCommandExecutor.java:83)
at org.openqa.selenium.remote.RemoteWebDriver.execute(RemoteWebDriver.java:552)
at org.openqa.selenium.remote.RemoteWebDriver.startSession(RemoteWebDriver.java:213)
at org.openqa.selenium.remote.RemoteWebDriver.<init>(RemoteWebDriver.java:131)
at org.openqa.selenium.chrome.ChromeDriver.<init>(ChromeDriver.java:181)
at org.openqa.selenium.chrome.ChromeDriver.<init>(ChromeDriver.java:168)
at org.openqa.selenium.chrome.ChromeDriver.<init>(ChromeDriver.java:123)
at task7.MultipleBrowserTest.invokeBrowser(MultipleBrowserTest.java:27)
at java.util.ArrayList.forEach(Unknown Source)
... Removed 29 stack frames]]>
    </failure>
  </testcase> <!-- @BeforeClass invokeBrowser -->
  <testcase name="@AfterClass closeBrowser" time="-1.63030604834E9" classname="task7.MultipleBrowserTest">
    <skipped/>
  </testcase> <!-- @AfterClass closeBrowser -->
  <testcase name="loginToApplication" time="0.0" classname="task7.MultipleBrowserTest">
    <skipped/>
  </testcase> <!-- loginToApplication -->
</testsuite> <!-- Chrome Test -->
