<?xml version="1.0" encoding="UTF-8"?>
<testng-results skipped="2" failed="0" ignored="0" total="2" passed="0">
  <reporter-output>
  </reporter-output>
  <suite name="Suite" duration-ms="6954" started-at="2021-08-30T06:47:24 UTC" finished-at="2021-08-30T06:47:30 UTC">
    <groups>
    </groups>
    <test name="Chrome Test" duration-ms="4323" started-at="2021-08-30T06:47:24 UTC" finished-at="2021-08-30T06:47:28 UTC">
      <class name="task7.MultipleBrowserTest">
        <test-method status="FAIL" signature="invokeBrowser(java.lang.String)[pri:0, instance:task7.MultipleBrowserTest@7791a895]" name="invokeBrowser" is-config="true" duration-ms="4199" started-at="2021-08-30T06:47:24 UTC" finished-at="2021-08-30T06:47:28 UTC">
          <params>
            <param index="0">
              <value>
                <![CDATA[chrome]]>
              </value>
            </param>
          </params>
          <exception class="org.openqa.selenium.SessionNotCreatedException">
            <message>
              <![CDATA[session not created: This version of ChromeDriver only supports Chrome version 84
Build info: version: '3.141.59', revision: 'e82be7d358', time: '2018-11-14T08:25:53'
System info: host: 'EC2AMAZ-J5GP1U8', ip: '172.31.199.230', os.name: 'Windows Server 2019', os.arch: 'amd64', os.version: '10.0', java.version: '1.8.0_241'
Driver info: driver.version: ChromeDriver
remote stacktrace: Backtrace:
Ordinal0 [0x00DF87E3+2852835]
Ordinal0 [0x00CE5BB1+1727409]
Ordinal0 [0x00BBE4B9+517305]
Ordinal0 [0x00B50BA0+68512]
Ordinal0 [0x00B4D3A0+54176]
Ordinal0 [0x00B6D9F7+186871]
Ordinal0 [0x00B6D7FD+186365]
Ordinal0 [0x00B6B70B+177931]
Ordinal0 [0x00B52584+75140]
Ordinal0 [0x00B53650+79440]
Ordinal0 [0x00B535E9+79337]
Ordinal0 [0x00CFAD5C+1813852]
GetHandleVerifier [0x00F1C616+1075574]
GetHandleVerifier [0x00F1C367+1074887]
GetHandleVerifier [0x00F27497+1120247]
GetHandleVerifier [0x00F1CC16+1077110]
Ordinal0 [0x00CF3206+1782278]
Ordinal0 [0x00CFC3BB+1819579]
Ordinal0 [0x00CFC523+1819939]
Ordinal0 [0x00D12B45+1911621]
BaseThreadInitThunk [0x76E10419+25]
RtlGetAppContainerNamedObjectPath [0x777C662D+237]
RtlGetAppContainerNamedObjectPath [0x777C65FD+189]
]]>
            </message>
            <full-stacktrace>
              <![CDATA[org.openqa.selenium.SessionNotCreatedException: session not created: This version of ChromeDriver only supports Chrome version 84
Build info: version: '3.141.59', revision: 'e82be7d358', time: '2018-11-14T08:25:53'
System info: host: 'EC2AMAZ-J5GP1U8', ip: '172.31.199.230', os.name: 'Windows Server 2019', os.arch: 'amd64', os.version: '10.0', java.version: '1.8.0_241'
Driver info: driver.version: ChromeDriver
remote stacktrace: Backtrace:
Ordinal0 [0x00DF87E3+2852835]
Ordinal0 [0x00CE5BB1+1727409]
Ordinal0 [0x00BBE4B9+517305]
Ordinal0 [0x00B50BA0+68512]
Ordinal0 [0x00B4D3A0+54176]
Ordinal0 [0x00B6D9F7+186871]
Ordinal0 [0x00B6D7FD+186365]
Ordinal0 [0x00B6B70B+177931]
Ordinal0 [0x00B52584+75140]
Ordinal0 [0x00B53650+79440]
Ordinal0 [0x00B535E9+79337]
Ordinal0 [0x00CFAD5C+1813852]
GetHandleVerifier [0x00F1C616+1075574]
GetHandleVerifier [0x00F1C367+1074887]
GetHandleVerifier [0x00F27497+1120247]
GetHandleVerifier [0x00F1CC16+1077110]
Ordinal0 [0x00CF3206+1782278]
Ordinal0 [0x00CFC3BB+1819579]
Ordinal0 [0x00CFC523+1819939]
Ordinal0 [0x00D12B45+1911621]
BaseThreadInitThunk [0x76E10419+25]
RtlGetAppContainerNamedObjectPath [0x777C662D+237]
RtlGetAppContainerNamedObjectPath [0x777C65FD+189]

at sun.reflect.NativeConstructorAccessorImpl.newInstance0(Native Method)
at sun.reflect.NativeConstructorAccessorImpl.newInstance(Unknown Source)
at sun.reflect.DelegatingConstructorAccessorImpl.newInstance(Unknown Source)
at java.lang.reflect.Constructor.newInstance(Unknown Source)
at org.openqa.selenium.remote.W3CHandshakeResponse.lambda$errorHandler$0(W3CHandshakeResponse.java:62)
at org.openqa.selenium.remote.HandshakeResponse.lambda$getResponseFunction$0(HandshakeResponse.java:30)
at org.openqa.selenium.remote.ProtocolHandshake.lambda$createSession$0(ProtocolHandshake.java:126)
at java.util.stream.ReferencePipeline$3$1.accept(Unknown Source)
at java.util.Spliterators$ArraySpliterator.tryAdvance(Unknown Source)
at java.util.stream.ReferencePipeline.forEachWithCancel(Unknown Source)
at java.util.stream.AbstractPipeline.copyIntoWithCancel(Unknown Source)
at java.util.stream.AbstractPipeline.copyInto(Unknown Source)
at java.util.stream.AbstractPipeline.wrapAndCopyInto(Unknown Source)
at java.util.stream.FindOps$FindOp.evaluateSequential(Unknown Source)
at java.util.stream.AbstractPipeline.evaluate(Unknown Source)
at java.util.stream.ReferencePipeline.findFirst(Unknown Source)
at org.openqa.selenium.remote.ProtocolHandshake.createSession(ProtocolHandshake.java:128)
at org.openqa.selenium.remote.ProtocolHandshake.createSession(ProtocolHandshake.java:74)
at org.openqa.selenium.remote.HttpCommandExecutor.execute(HttpCommandExecutor.java:136)
at org.openqa.selenium.remote.service.DriverCommandExecutor.execute(DriverCommandExecutor.java:83)
at org.openqa.selenium.remote.RemoteWebDriver.execute(RemoteWebDriver.java:552)
at org.openqa.selenium.remote.RemoteWebDriver.startSession(RemoteWebDriver.java:213)
at org.openqa.selenium.remote.RemoteWebDriver.<init>(RemoteWebDriver.java:131)
at org.openqa.selenium.chrome.ChromeDriver.<init>(ChromeDriver.java:181)
at org.openqa.selenium.chrome.ChromeDriver.<init>(ChromeDriver.java:168)
at org.openqa.selenium.chrome.ChromeDriver.<init>(ChromeDriver.java:123)
at task7.MultipleBrowserTest.invokeBrowser(MultipleBrowserTest.java:27)
at sun.reflect.NativeMethodAccessorImpl.invoke0(Native Method)
at sun.reflect.NativeMethodAccessorImpl.invoke(Unknown Source)
at sun.reflect.DelegatingMethodAccessorImpl.invoke(Unknown Source)
at java.lang.reflect.Method.invoke(Unknown Source)
at org.testng.internal.MethodInvocationHelper.invokeMethod(MethodInvocationHelper.java:135)
at org.testng.internal.MethodInvocationHelper.invokeMethodConsideringTimeout(MethodInvocationHelper.java:64)
at org.testng.internal.ConfigInvoker.invokeConfigurationMethod(ConfigInvoker.java:364)
at org.testng.internal.ConfigInvoker.invokeConfigurations(ConfigInvoker.java:318)
at org.testng.internal.TestMethodWorker.invokeBeforeClassMethods(TestMethodWorker.java:176)
at org.testng.internal.TestMethodWorker.run(TestMethodWorker.java:122)
at java.util.ArrayList.forEach(Unknown Source)
at org.testng.TestRunner.privateRun(TestRunner.java:767)
at org.testng.TestRunner.run(TestRunner.java:588)
at org.testng.SuiteRunner.runTest(SuiteRunner.java:384)
at org.testng.SuiteRunner.runSequentially(SuiteRunner.java:378)
at org.testng.SuiteRunner.privateRun(SuiteRunner.java:337)
at org.testng.SuiteRunner.run(SuiteRunner.java:286)
at org.testng.SuiteRunnerWorker.runSuite(SuiteRunnerWorker.java:53)
at org.testng.SuiteRunnerWorker.run(SuiteRunnerWorker.java:96)
at org.testng.TestNG.runSuitesSequentially(TestNG.java:1214)
at org.testng.TestNG.runSuitesLocally(TestNG.java:1136)
at org.testng.TestNG.runSuites(TestNG.java:1066)
at org.testng.TestNG.run(TestNG.java:1034)
at org.testng.remote.AbstractRemoteTestNG.run(AbstractRemoteTestNG.java:115)
at org.testng.remote.RemoteTestNG.initAndRun(RemoteTestNG.java:251)
at org.testng.remote.RemoteTestNG.main(RemoteTestNG.java:77)
]]>
            </full-stacktrace>
          </exception> <!-- org.openqa.selenium.SessionNotCreatedException -->
          <reporter-output>
          </reporter-output>
        </test-method> <!-- invokeBrowser -->
        <test-method status="SKIP" signature="loginToApplication(java.lang.String, java.lang.String)[pri:0, instance:task7.MultipleBrowserTest@7791a895]" name="loginToApplication" duration-ms="0" started-at="2021-08-30T06:47:28 UTC" finished-at="2021-08-30T06:47:28 UTC">
          <exception class="org.openqa.selenium.SessionNotCreatedException">
            <message>
              <![CDATA[session not created: This version of ChromeDriver only supports Chrome version 84
Build info: version: '3.141.59', revision: 'e82be7d358', time: '2018-11-14T08:25:53'
System info: host: 'EC2AMAZ-J5GP1U8', ip: '172.31.199.230', os.name: 'Windows Server 2019', os.arch: 'amd64', os.version: '10.0', java.version: '1.8.0_241'
Driver info: driver.version: ChromeDriver
remote stacktrace: Backtrace:
Ordinal0 [0x00DF87E3+2852835]
Ordinal0 [0x00CE5BB1+1727409]
Ordinal0 [0x00BBE4B9+517305]
Ordinal0 [0x00B50BA0+68512]
Ordinal0 [0x00B4D3A0+54176]
Ordinal0 [0x00B6D9F7+186871]
Ordinal0 [0x00B6D7FD+186365]
Ordinal0 [0x00B6B70B+177931]
Ordinal0 [0x00B52584+75140]
Ordinal0 [0x00B53650+79440]
Ordinal0 [0x00B535E9+79337]
Ordinal0 [0x00CFAD5C+1813852]
GetHandleVerifier [0x00F1C616+1075574]
GetHandleVerifier [0x00F1C367+1074887]
GetHandleVerifier [0x00F27497+1120247]
GetHandleVerifier [0x00F1CC16+1077110]
Ordinal0 [0x00CF3206+1782278]
Ordinal0 [0x00CFC3BB+1819579]
Ordinal0 [0x00CFC523+1819939]
Ordinal0 [0x00D12B45+1911621]
BaseThreadInitThunk [0x76E10419+25]
RtlGetAppContainerNamedObjectPath [0x777C662D+237]
RtlGetAppContainerNamedObjectPath [0x777C65FD+189]
]]>
            </message>
            <full-stacktrace>
              <![CDATA[org.openqa.selenium.SessionNotCreatedException: session not created: This version of ChromeDriver only supports Chrome version 84
Build info: version: '3.141.59', revision: 'e82be7d358', time: '2018-11-14T08:25:53'
System info: host: 'EC2AMAZ-J5GP1U8', ip: '172.31.199.230', os.name: 'Windows Server 2019', os.arch: 'amd64', os.version: '10.0', java.version: '1.8.0_241'
Driver info: driver.version: ChromeDriver
remote stacktrace: Backtrace:
Ordinal0 [0x00DF87E3+2852835]
Ordinal0 [0x00CE5BB1+1727409]
Ordinal0 [0x00BBE4B9+517305]
Ordinal0 [0x00B50BA0+68512]
Ordinal0 [0x00B4D3A0+54176]
Ordinal0 [0x00B6D9F7+186871]
Ordinal0 [0x00B6D7FD+186365]
Ordinal0 [0x00B6B70B+177931]
Ordinal0 [0x00B52584+75140]
Ordinal0 [0x00B53650+79440]
Ordinal0 [0x00B535E9+79337]
Ordinal0 [0x00CFAD5C+1813852]
GetHandleVerifier [0x00F1C616+1075574]
GetHandleVerifier [0x00F1C367+1074887]
GetHandleVerifier [0x00F27497+1120247]
GetHandleVerifier [0x00F1CC16+1077110]
Ordinal0 [0x00CF3206+1782278]
Ordinal0 [0x00CFC3BB+1819579]
Ordinal0 [0x00CFC523+1819939]
Ordinal0 [0x00D12B45+1911621]
BaseThreadInitThunk [0x76E10419+25]
RtlGetAppContainerNamedObjectPath [0x777C662D+237]
RtlGetAppContainerNamedObjectPath [0x777C65FD+189]

at sun.reflect.NativeConstructorAccessorImpl.newInstance0(Native Method)
at sun.reflect.NativeConstructorAccessorImpl.newInstance(Unknown Source)
at sun.reflect.DelegatingConstructorAccessorImpl.newInstance(Unknown Source)
at java.lang.reflect.Constructor.newInstance(Unknown Source)
at org.openqa.selenium.remote.W3CHandshakeResponse.lambda$errorHandler$0(W3CHandshakeResponse.java:62)
at org.openqa.selenium.remote.HandshakeResponse.lambda$getResponseFunction$0(HandshakeResponse.java:30)
at org.openqa.selenium.remote.ProtocolHandshake.lambda$createSession$0(ProtocolHandshake.java:126)
at java.util.stream.ReferencePipeline$3$1.accept(Unknown Source)
at java.util.Spliterators$ArraySpliterator.tryAdvance(Unknown Source)
at java.util.stream.ReferencePipeline.forEachWithCancel(Unknown Source)
at java.util.stream.AbstractPipeline.copyIntoWithCancel(Unknown Source)
at java.util.stream.AbstractPipeline.copyInto(Unknown Source)
at java.util.stream.AbstractPipeline.wrapAndCopyInto(Unknown Source)
at java.util.stream.FindOps$FindOp.evaluateSequential(Unknown Source)
at java.util.stream.AbstractPipeline.evaluate(Unknown Source)
at java.util.stream.ReferencePipeline.findFirst(Unknown Source)
at org.openqa.selenium.remote.ProtocolHandshake.createSession(ProtocolHandshake.java:128)
at org.openqa.selenium.remote.ProtocolHandshake.createSession(ProtocolHandshake.java:74)
at org.openqa.selenium.remote.HttpCommandExecutor.execute(HttpCommandExecutor.java:136)
at org.openqa.selenium.remote.service.DriverCommandExecutor.execute(DriverCommandExecutor.java:83)
at org.openqa.selenium.remote.RemoteWebDriver.execute(RemoteWebDriver.java:552)
at org.openqa.selenium.remote.RemoteWebDriver.startSession(RemoteWebDriver.java:213)
at org.openqa.selenium.remote.RemoteWebDriver.<init>(RemoteWebDriver.java:131)
at org.openqa.selenium.chrome.ChromeDriver.<init>(ChromeDriver.java:181)
at org.openqa.selenium.chrome.ChromeDriver.<init>(ChromeDriver.java:168)
at org.openqa.selenium.chrome.ChromeDriver.<init>(ChromeDriver.java:123)
at task7.MultipleBrowserTest.invokeBrowser(MultipleBrowserTest.java:27)
at sun.reflect.NativeMethodAccessorImpl.invoke0(Native Method)
at sun.reflect.NativeMethodAccessorImpl.invoke(Unknown Source)
at sun.reflect.DelegatingMethodAccessorImpl.invoke(Unknown Source)
at java.lang.reflect.Method.invoke(Unknown Source)
at org.testng.internal.MethodInvocationHelper.invokeMethod(MethodInvocationHelper.java:135)
at org.testng.internal.MethodInvocationHelper.invokeMethodConsideringTimeout(MethodInvocationHelper.java:64)
at org.testng.internal.ConfigInvoker.invokeConfigurationMethod(ConfigInvoker.java:364)
at org.testng.internal.ConfigInvoker.invokeConfigurations(ConfigInvoker.java:318)
at org.testng.internal.TestMethodWorker.invokeBeforeClassMethods(TestMethodWorker.java:176)
at org.testng.internal.TestMethodWorker.run(TestMethodWorker.java:122)
at java.util.ArrayList.forEach(Unknown Source)
at org.testng.TestRunner.privateRun(TestRunner.java:767)
at org.testng.TestRunner.run(TestRunner.java:588)
at org.testng.SuiteRunner.runTest(SuiteRunner.java:384)
at org.testng.SuiteRunner.runSequentially(SuiteRunner.java:378)
at org.testng.SuiteRunner.privateRun(SuiteRunner.java:337)
at org.testng.SuiteRunner.run(SuiteRunner.java:286)
at org.testng.SuiteRunnerWorker.runSuite(SuiteRunnerWorker.java:53)
at org.testng.SuiteRunnerWorker.run(SuiteRunnerWorker.java:96)
at org.testng.TestNG.runSuitesSequentially(TestNG.java:1214)
at org.testng.TestNG.runSuitesLocally(TestNG.java:1136)
at org.testng.TestNG.runSuites(TestNG.java:1066)
at org.testng.TestNG.run(TestNG.java:1034)
at org.testng.remote.AbstractRemoteTestNG.run(AbstractRemoteTestNG.java:115)
at org.testng.remote.RemoteTestNG.initAndRun(RemoteTestNG.java:251)
at org.testng.remote.RemoteTestNG.main(RemoteTestNG.java:77)
]]>
            </full-stacktrace>
          </exception> <!-- org.openqa.selenium.SessionNotCreatedException -->
          <reporter-output>
          </reporter-output>
        </test-method> <!-- loginToApplication -->
        <test-method status="SKIP" signature="closeBrowser()[pri:0, instance:task7.MultipleBrowserTest@7791a895]" name="closeBrowser" is-config="true" duration-ms="-1630306048340" started-at="2021-08-30T06:47:28 UTC" finished-at="1970-01-01T00:00:00 UTC">
          <reporter-output>
          </reporter-output>
        </test-method> <!-- closeBrowser -->
      </class> <!-- task7.MultipleBrowserTest -->
    </test> <!-- Chrome Test -->
    <test name="Edge Test" duration-ms="2564" started-at="2021-08-30T06:47:28 UTC" finished-at="2021-08-30T06:47:30 UTC">
      <class name="task7.MultipleBrowserTest">
        <test-method status="FAIL" signature="invokeBrowser(java.lang.String)[pri:0, instance:task7.MultipleBrowserTest@57855c9a]" name="invokeBrowser" is-config="true" duration-ms="2489" started-at="2021-08-30T06:47:28 UTC" finished-at="2021-08-30T06:47:30 UTC">
          <params>
            <param index="0">
              <value>
                <![CDATA[edge]]>
              </value>
            </param>
          </params>
          <exception class="org.openqa.selenium.SessionNotCreatedException">
            <message>
              <![CDATA[session not created: This version of MSEdgeDriver only supports MSEdge version 84
Build info: version: '3.141.59', revision: 'e82be7d358', time: '2018-11-14T08:25:53'
System info: host: 'EC2AMAZ-J5GP1U8', ip: '172.31.199.230', os.name: 'Windows Server 2019', os.arch: 'amd64', os.version: '10.0', java.version: '1.8.0_241'
Driver info: driver.version: EdgeDriver
remote stacktrace: Backtrace:
Ordinal0 [0x00007FF77564D052+4051026]
Ordinal0 [0x00007FF775522389+2827145]
Ordinal0 [0x00007FF77539A43C+1221692]
Ordinal0 [0x00007FF7752F59A2+547234]
Ordinal0 [0x00007FF7752F08E5+526565]
Ordinal0 [0x00007FF7752EC159+508249]
Ordinal0 [0x00007FF77531E84A+714826]
Ordinal0 [0x00007FF77531BC5F+703583]
Ordinal0 [0x00007FF7752F7F20+556832]
Ordinal0 [0x00007FF7752F8CBE+560318]
Ordinal0 [0x00007FF7755401F5+2949621]
GetHandleVerifier [0x00007FF775790AAB+1182571]
GetHandleVerifier [0x00007FF7757A5671+1267505]
GetHandleVerifier [0x00007FF775791788+1185864]
Ordinal0 [0x00007FF775533A1A+2898458]
Ordinal0 [0x00007FF775542009+2957321]
Ordinal0 [0x00007FF7755613E8+3085288]
BaseThreadInitThunk [0x00007FFC0BF27974+20]
RtlUserThreadStart [0x00007FFC0CFDA261+33]
]]>
            </message>
            <full-stacktrace>
              <![CDATA[org.openqa.selenium.SessionNotCreatedException: session not created: This version of MSEdgeDriver only supports MSEdge version 84
Build info: version: '3.141.59', revision: 'e82be7d358', time: '2018-11-14T08:25:53'
System info: host: 'EC2AMAZ-J5GP1U8', ip: '172.31.199.230', os.name: 'Windows Server 2019', os.arch: 'amd64', os.version: '10.0', java.version: '1.8.0_241'
Driver info: driver.version: EdgeDriver
remote stacktrace: Backtrace:
Ordinal0 [0x00007FF77564D052+4051026]
Ordinal0 [0x00007FF775522389+2827145]
Ordinal0 [0x00007FF77539A43C+1221692]
Ordinal0 [0x00007FF7752F59A2+547234]
Ordinal0 [0x00007FF7752F08E5+526565]
Ordinal0 [0x00007FF7752EC159+508249]
Ordinal0 [0x00007FF77531E84A+714826]
Ordinal0 [0x00007FF77531BC5F+703583]
Ordinal0 [0x00007FF7752F7F20+556832]
Ordinal0 [0x00007FF7752F8CBE+560318]
Ordinal0 [0x00007FF7755401F5+2949621]
GetHandleVerifier [0x00007FF775790AAB+1182571]
GetHandleVerifier [0x00007FF7757A5671+1267505]
GetHandleVerifier [0x00007FF775791788+1185864]
Ordinal0 [0x00007FF775533A1A+2898458]
Ordinal0 [0x00007FF775542009+2957321]
Ordinal0 [0x00007FF7755613E8+3085288]
BaseThreadInitThunk [0x00007FFC0BF27974+20]
RtlUserThreadStart [0x00007FFC0CFDA261+33]

at sun.reflect.NativeConstructorAccessorImpl.newInstance0(Native Method)
at sun.reflect.NativeConstructorAccessorImpl.newInstance(Unknown Source)
at sun.reflect.DelegatingConstructorAccessorImpl.newInstance(Unknown Source)
at java.lang.reflect.Constructor.newInstance(Unknown Source)
at org.openqa.selenium.remote.W3CHandshakeResponse.lambda$errorHandler$0(W3CHandshakeResponse.java:62)
at org.openqa.selenium.remote.HandshakeResponse.lambda$getResponseFunction$0(HandshakeResponse.java:30)
at org.openqa.selenium.remote.ProtocolHandshake.lambda$createSession$0(ProtocolHandshake.java:126)
at java.util.stream.ReferencePipeline$3$1.accept(Unknown Source)
at java.util.Spliterators$ArraySpliterator.tryAdvance(Unknown Source)
at java.util.stream.ReferencePipeline.forEachWithCancel(Unknown Source)
at java.util.stream.AbstractPipeline.copyIntoWithCancel(Unknown Source)
at java.util.stream.AbstractPipeline.copyInto(Unknown Source)
at java.util.stream.AbstractPipeline.wrapAndCopyInto(Unknown Source)
at java.util.stream.FindOps$FindOp.evaluateSequential(Unknown Source)
at java.util.stream.AbstractPipeline.evaluate(Unknown Source)
at java.util.stream.ReferencePipeline.findFirst(Unknown Source)
at org.openqa.selenium.remote.ProtocolHandshake.createSession(ProtocolHandshake.java:128)
at org.openqa.selenium.remote.ProtocolHandshake.createSession(ProtocolHandshake.java:74)
at org.openqa.selenium.remote.HttpCommandExecutor.execute(HttpCommandExecutor.java:136)
at org.openqa.selenium.remote.service.DriverCommandExecutor.execute(DriverCommandExecutor.java:83)
at org.openqa.selenium.remote.RemoteWebDriver.execute(RemoteWebDriver.java:552)
at org.openqa.selenium.remote.RemoteWebDriver.startSession(RemoteWebDriver.java:213)
at org.openqa.selenium.remote.RemoteWebDriver.<init>(RemoteWebDriver.java:131)
at org.openqa.selenium.edge.EdgeDriver.<init>(EdgeDriver.java:141)
at org.openqa.selenium.edge.EdgeDriver.<init>(EdgeDriver.java:96)
at task7.MultipleBrowserTest.invokeBrowser(MultipleBrowserTest.java:34)
at sun.reflect.NativeMethodAccessorImpl.invoke0(Native Method)
at sun.reflect.NativeMethodAccessorImpl.invoke(Unknown Source)
at sun.reflect.DelegatingMethodAccessorImpl.invoke(Unknown Source)
at java.lang.reflect.Method.invoke(Unknown Source)
at org.testng.internal.MethodInvocationHelper.invokeMethod(MethodInvocationHelper.java:135)
at org.testng.internal.MethodInvocationHelper.invokeMethodConsideringTimeout(MethodInvocationHelper.java:64)
at org.testng.internal.ConfigInvoker.invokeConfigurationMethod(ConfigInvoker.java:364)
at org.testng.internal.ConfigInvoker.invokeConfigurations(ConfigInvoker.java:318)
at org.testng.internal.TestMethodWorker.invokeBeforeClassMethods(TestMethodWorker.java:176)
at org.testng.internal.TestMethodWorker.run(TestMethodWorker.java:122)
at java.util.ArrayList.forEach(Unknown Source)
at org.testng.TestRunner.privateRun(TestRunner.java:767)
at org.testng.TestRunner.run(TestRunner.java:588)
at org.testng.SuiteRunner.runTest(SuiteRunner.java:384)
at org.testng.SuiteRunner.runSequentially(SuiteRunner.java:378)
at org.testng.SuiteRunner.privateRun(SuiteRunner.java:337)
at org.testng.SuiteRunner.run(SuiteRunner.java:286)
at org.testng.SuiteRunnerWorker.runSuite(SuiteRunnerWorker.java:53)
at org.testng.SuiteRunnerWorker.run(SuiteRunnerWorker.java:96)
at org.testng.TestNG.runSuitesSequentially(TestNG.java:1214)
at org.testng.TestNG.runSuitesLocally(TestNG.java:1136)
at org.testng.TestNG.runSuites(TestNG.java:1066)
at org.testng.TestNG.run(TestNG.java:1034)
at org.testng.remote.AbstractRemoteTestNG.run(AbstractRemoteTestNG.java:115)
at org.testng.remote.RemoteTestNG.initAndRun(RemoteTestNG.java:251)
at org.testng.remote.RemoteTestNG.main(RemoteTestNG.java:77)
]]>
            </full-stacktrace>
          </exception> <!-- org.openqa.selenium.SessionNotCreatedException -->
          <reporter-output>
          </reporter-output>
        </test-method> <!-- invokeBrowser -->
        <test-method status="SKIP" signature="loginToApplication(java.lang.String, java.lang.String)[pri:0, instance:task7.MultipleBrowserTest@57855c9a]" name="loginToApplication" duration-ms="0" started-at="2021-08-30T06:47:30 UTC" finished-at="2021-08-30T06:47:30 UTC">
          <exception class="org.openqa.selenium.SessionNotCreatedException">
            <message>
              <![CDATA[session not created: This version of MSEdgeDriver only supports MSEdge version 84
Build info: version: '3.141.59', revision: 'e82be7d358', time: '2018-11-14T08:25:53'
System info: host: 'EC2AMAZ-J5GP1U8', ip: '172.31.199.230', os.name: 'Windows Server 2019', os.arch: 'amd64', os.version: '10.0', java.version: '1.8.0_241'
Driver info: driver.version: EdgeDriver
remote stacktrace: Backtrace:
Ordinal0 [0x00007FF77564D052+4051026]
Ordinal0 [0x00007FF775522389+2827145]
Ordinal0 [0x00007FF77539A43C+1221692]
Ordinal0 [0x00007FF7752F59A2+547234]
Ordinal0 [0x00007FF7752F08E5+526565]
Ordinal0 [0x00007FF7752EC159+508249]
Ordinal0 [0x00007FF77531E84A+714826]
Ordinal0 [0x00007FF77531BC5F+703583]
Ordinal0 [0x00007FF7752F7F20+556832]
Ordinal0 [0x00007FF7752F8CBE+560318]
Ordinal0 [0x00007FF7755401F5+2949621]
GetHandleVerifier [0x00007FF775790AAB+1182571]
GetHandleVerifier [0x00007FF7757A5671+1267505]
GetHandleVerifier [0x00007FF775791788+1185864]
Ordinal0 [0x00007FF775533A1A+2898458]
Ordinal0 [0x00007FF775542009+2957321]
Ordinal0 [0x00007FF7755613E8+3085288]
BaseThreadInitThunk [0x00007FFC0BF27974+20]
RtlUserThreadStart [0x00007FFC0CFDA261+33]
]]>
            </message>
            <full-stacktrace>
              <![CDATA[org.openqa.selenium.SessionNotCreatedException: session not created: This version of MSEdgeDriver only supports MSEdge version 84
Build info: version: '3.141.59', revision: 'e82be7d358', time: '2018-11-14T08:25:53'
System info: host: 'EC2AMAZ-J5GP1U8', ip: '172.31.199.230', os.name: 'Windows Server 2019', os.arch: 'amd64', os.version: '10.0', java.version: '1.8.0_241'
Driver info: driver.version: EdgeDriver
remote stacktrace: Backtrace:
Ordinal0 [0x00007FF77564D052+4051026]
Ordinal0 [0x00007FF775522389+2827145]
Ordinal0 [0x00007FF77539A43C+1221692]
Ordinal0 [0x00007FF7752F59A2+547234]
Ordinal0 [0x00007FF7752F08E5+526565]
Ordinal0 [0x00007FF7752EC159+508249]
Ordinal0 [0x00007FF77531E84A+714826]
Ordinal0 [0x00007FF77531BC5F+703583]
Ordinal0 [0x00007FF7752F7F20+556832]
Ordinal0 [0x00007FF7752F8CBE+560318]
Ordinal0 [0x00007FF7755401F5+2949621]
GetHandleVerifier [0x00007FF775790AAB+1182571]
GetHandleVerifier [0x00007FF7757A5671+1267505]
GetHandleVerifier [0x00007FF775791788+1185864]
Ordinal0 [0x00007FF775533A1A+2898458]
Ordinal0 [0x00007FF775542009+2957321]
Ordinal0 [0x00007FF7755613E8+3085288]
BaseThreadInitThunk [0x00007FFC0BF27974+20]
RtlUserThreadStart [0x00007FFC0CFDA261+33]

at sun.reflect.NativeConstructorAccessorImpl.newInstance0(Native Method)
at sun.reflect.NativeConstructorAccessorImpl.newInstance(Unknown Source)
at sun.reflect.DelegatingConstructorAccessorImpl.newInstance(Unknown Source)
at java.lang.reflect.Constructor.newInstance(Unknown Source)
at org.openqa.selenium.remote.W3CHandshakeResponse.lambda$errorHandler$0(W3CHandshakeResponse.java:62)
at org.openqa.selenium.remote.HandshakeResponse.lambda$getResponseFunction$0(HandshakeResponse.java:30)
at org.openqa.selenium.remote.ProtocolHandshake.lambda$createSession$0(ProtocolHandshake.java:126)
at java.util.stream.ReferencePipeline$3$1.accept(Unknown Source)
at java.util.Spliterators$ArraySpliterator.tryAdvance(Unknown Source)
at java.util.stream.ReferencePipeline.forEachWithCancel(Unknown Source)
at java.util.stream.AbstractPipeline.copyIntoWithCancel(Unknown Source)
at java.util.stream.AbstractPipeline.copyInto(Unknown Source)
at java.util.stream.AbstractPipeline.wrapAndCopyInto(Unknown Source)
at java.util.stream.FindOps$FindOp.evaluateSequential(Unknown Source)
at java.util.stream.AbstractPipeline.evaluate(Unknown Source)
at java.util.stream.ReferencePipeline.findFirst(Unknown Source)
at org.openqa.selenium.remote.ProtocolHandshake.createSession(ProtocolHandshake.java:128)
at org.openqa.selenium.remote.ProtocolHandshake.createSession(ProtocolHandshake.java:74)
at org.openqa.selenium.remote.HttpCommandExecutor.execute(HttpCommandExecutor.java:136)
at org.openqa.selenium.remote.service.DriverCommandExecutor.execute(DriverCommandExecutor.java:83)
at org.openqa.selenium.remote.RemoteWebDriver.execute(RemoteWebDriver.java:552)
at org.openqa.selenium.remote.RemoteWebDriver.startSession(RemoteWebDriver.java:213)
at org.openqa.selenium.remote.RemoteWebDriver.<init>(RemoteWebDriver.java:131)
at org.openqa.selenium.edge.EdgeDriver.<init>(EdgeDriver.java:141)
at org.openqa.selenium.edge.EdgeDriver.<init>(EdgeDriver.java:96)
at task7.MultipleBrowserTest.invokeBrowser(MultipleBrowserTest.java:34)
at sun.reflect.NativeMethodAccessorImpl.invoke0(Native Method)
at sun.reflect.NativeMethodAccessorImpl.invoke(Unknown Source)
at sun.reflect.DelegatingMethodAccessorImpl.invoke(Unknown Source)
at java.lang.reflect.Method.invoke(Unknown Source)
at org.testng.internal.MethodInvocationHelper.invokeMethod(MethodInvocationHelper.java:135)
at org.testng.internal.MethodInvocationHelper.invokeMethodConsideringTimeout(MethodInvocationHelper.java:64)
at org.testng.internal.ConfigInvoker.invokeConfigurationMethod(ConfigInvoker.java:364)
at org.testng.internal.ConfigInvoker.invokeConfigurations(ConfigInvoker.java:318)
at org.testng.internal.TestMethodWorker.invokeBeforeClassMethods(TestMethodWorker.java:176)
at org.testng.internal.TestMethodWorker.run(TestMethodWorker.java:122)
at java.util.ArrayList.forEach(Unknown Source)
at org.testng.TestRunner.privateRun(TestRunner.java:767)
at org.testng.TestRunner.run(TestRunner.java:588)
at org.testng.SuiteRunner.runTest(SuiteRunner.java:384)
at org.testng.SuiteRunner.runSequentially(SuiteRunner.java:378)
at org.testng.SuiteRunner.privateRun(SuiteRunner.java:337)
at org.testng.SuiteRunner.run(SuiteRunner.java:286)
at org.testng.SuiteRunnerWorker.runSuite(SuiteRunnerWorker.java:53)
at org.testng.SuiteRunnerWorker.run(SuiteRunnerWorker.java:96)
at org.testng.TestNG.runSuitesSequentially(TestNG.java:1214)
at org.testng.TestNG.runSuitesLocally(TestNG.java:1136)
at org.testng.TestNG.runSuites(TestNG.java:1066)
at org.testng.TestNG.run(TestNG.java:1034)
at org.testng.remote.AbstractRemoteTestNG.run(AbstractRemoteTestNG.java:115)
at org.testng.remote.RemoteTestNG.initAndRun(RemoteTestNG.java:251)
at org.testng.remote.RemoteTestNG.main(RemoteTestNG.java:77)
]]>
            </full-stacktrace>
          </exception> <!-- org.openqa.selenium.SessionNotCreatedException -->
          <reporter-output>
          </reporter-output>
        </test-method> <!-- loginToApplication -->
        <test-method status="SKIP" signature="closeBrowser()[pri:0, instance:task7.MultipleBrowserTest@57855c9a]" name="closeBrowser" is-config="true" duration-ms="-1630306050964" started-at="2021-08-30T06:47:30 UTC" finished-at="1970-01-01T00:00:00 UTC">
          <reporter-output>
          </reporter-output>
        </test-method> <!-- closeBrowser -->
      </class> <!-- task7.MultipleBrowserTest -->
    </test> <!-- Edge Test -->
  </suite> <!-- Suite -->
</testng-results>
