<?xml version="1.0" encoding="UTF-8"?>
<!-- Generated by org.testng.reporters.JUnitReportReporter -->
<testsuite skipped="1" hostname="EC2AMAZ-J5GP1U8" name="task6.Paramterization" tests="2" failures="0" timestamp="2021-08-30T06:29:48 UTC" time="5.664" errors="1">
  <testcase name="loginToApplication" time="0.000" classname="task6.Paramterization">
    <skipped/>
  </testcase> <!-- loginToApplication -->
  <system-out/>
  <testcase name="invokeBrowser" time="5.664" classname="task6.Paramterization">
    <error type="org.openqa.selenium.SessionNotCreatedException" message="session not created: This version of MSEdgeDriver only supports MSEdge version 84
Build info: version: &#039;3.141.59&#039;, revision: &#039;e82be7d358&#039;, time: &#039;2018-11-14T08:25:53&#039;
System info: host: &#039;EC2AMAZ-J5GP1U8&#039;, ip: &#039;172.31.199.230&#039;, os.name: &#039;Windows Server 2019&#039;, os.arch: &#039;amd64&#039;, os.version: &#039;10.0&#039;, java.version: &#039;1.8.0_241&#039;
Driver info: driver.version: EdgeDriver
remote stacktrace: Backtrace:
	Ordinal0 [0x00007FF77564D052+4051026]
	Ordinal0 [0x00007FF775522389+2827145]
	Ordinal0 [0x00007FF77539A43C+1221692]
	Ordinal0 [0x00007FF7752F59A2+547234]
	Ordinal0 [0x00007FF7752F08E5+526565]
	Ordinal0 [0x00007FF7752EC159+508249]
	Ordinal0 [0x00007FF77531E84A+714826]
	Ordinal0 [0x00007FF77531BC5F+703583]
	Ordinal0 [0x00007FF7752F7F20+556832]
	Ordinal0 [0x00007FF7752F8CBE+560318]
	Ordinal0 [0x00007FF7755401F5+2949621]
	GetHandleVerifier [0x00007FF775790AAB+1182571]
	GetHandleVerifier [0x00007FF7757A5671+1267505]
	GetHandleVerifier [0x00007FF775791788+1185864]
	Ordinal0 [0x00007FF775533A1A+2898458]
	Ordinal0 [0x00007FF775542009+2957321]
	Ordinal0 [0x00007FF7755613E8+3085288]
	BaseThreadInitThunk [0x00007FFC0BF27974+20]
	RtlUserThreadStart [0x00007FFC0CFDA261+33]
">
      <![CDATA[org.openqa.selenium.SessionNotCreatedException: session not created: This version of MSEdgeDriver only supports MSEdge version 84
Build info: version: '3.141.59', revision: 'e82be7d358', time: '2018-11-14T08:25:53'
System info: host: 'EC2AMAZ-J5GP1U8', ip: '172.31.199.230', os.name: 'Windows Server 2019', os.arch: 'amd64', os.version: '10.0', java.version: '1.8.0_241'
Driver info: driver.version: EdgeDriver
remote stacktrace: Backtrace:
Ordinal0 [0x00007FF77564D052+4051026]
Ordinal0 [0x00007FF775522389+2827145]
Ordinal0 [0x00007FF77539A43C+1221692]
Ordinal0 [0x00007FF7752F59A2+547234]
Ordinal0 [0x00007FF7752F08E5+526565]
Ordinal0 [0x00007FF7752EC159+508249]
Ordinal0 [0x00007FF77531E84A+714826]
Ordinal0 [0x00007FF77531BC5F+703583]
Ordinal0 [0x00007FF7752F7F20+556832]
Ordinal0 [0x00007FF7752F8CBE+560318]
Ordinal0 [0x00007FF7755401F5+2949621]
GetHandleVerifier [0x00007FF775790AAB+1182571]
GetHandleVerifier [0x00007FF7757A5671+1267505]
GetHandleVerifier [0x00007FF775791788+1185864]
Ordinal0 [0x00007FF775533A1A+2898458]
Ordinal0 [0x00007FF775542009+2957321]
Ordinal0 [0x00007FF7755613E8+3085288]
BaseThreadInitThunk [0x00007FFC0BF27974+20]
RtlUserThreadStart [0x00007FFC0CFDA261+33]

at sun.reflect.NativeConstructorAccessorImpl.newInstance0(Native Method)
at sun.reflect.NativeConstructorAccessorImpl.newInstance(Unknown Source)
at sun.reflect.DelegatingConstructorAccessorImpl.newInstance(Unknown Source)
at java.lang.reflect.Constructor.newInstance(Unknown Source)
at org.openqa.selenium.remote.W3CHandshakeResponse.lambda$errorHandler$0(W3CHandshakeResponse.java:62)
at org.openqa.selenium.remote.HandshakeResponse.lambda$getResponseFunction$0(HandshakeResponse.java:30)
at org.openqa.selenium.remote.ProtocolHandshake.lambda$createSession$0(ProtocolHandshake.java:126)
at java.util.stream.ReferencePipeline$3$1.accept(Unknown Source)
at java.util.Spliterators$ArraySpliterator.tryAdvance(Unknown Source)
at java.util.stream.ReferencePipeline.forEachWithCancel(Unknown Source)
at java.util.stream.AbstractPipeline.copyIntoWithCancel(Unknown Source)
at java.util.stream.AbstractPipeline.copyInto(Unknown Source)
at java.util.stream.AbstractPipeline.wrapAndCopyInto(Unknown Source)
at java.util.stream.FindOps$FindOp.evaluateSequential(Unknown Source)
at java.util.stream.AbstractPipeline.evaluate(Unknown Source)
at java.util.stream.ReferencePipeline.findFirst(Unknown Source)
at org.openqa.selenium.remote.ProtocolHandshake.createSession(ProtocolHandshake.java:128)
at org.openqa.selenium.remote.ProtocolHandshake.createSession(ProtocolHandshake.java:74)
at org.openqa.selenium.remote.HttpCommandExecutor.execute(HttpCommandExecutor.java:136)
at org.openqa.selenium.remote.service.DriverCommandExecutor.execute(DriverCommandExecutor.java:83)
at org.openqa.selenium.remote.RemoteWebDriver.execute(RemoteWebDriver.java:552)
at org.openqa.selenium.remote.RemoteWebDriver.startSession(RemoteWebDriver.java:213)
at org.openqa.selenium.remote.RemoteWebDriver.<init>(RemoteWebDriver.java:131)
at org.openqa.selenium.edge.EdgeDriver.<init>(EdgeDriver.java:141)
at org.openqa.selenium.edge.EdgeDriver.<init>(EdgeDriver.java:96)
at task6.Paramterization.invokeBrowser(Paramterization.java:22)
at sun.reflect.NativeMethodAccessorImpl.invoke0(Native Method)
at sun.reflect.NativeMethodAccessorImpl.invoke(Unknown Source)
at sun.reflect.DelegatingMethodAccessorImpl.invoke(Unknown Source)
at java.lang.reflect.Method.invoke(Unknown Source)
at org.testng.internal.MethodInvocationHelper.invokeMethod(MethodInvocationHelper.java:135)
at org.testng.internal.MethodInvocationHelper.invokeMethodConsideringTimeout(MethodInvocationHelper.java:64)
at org.testng.internal.ConfigInvoker.invokeConfigurationMethod(ConfigInvoker.java:364)
at org.testng.internal.ConfigInvoker.invokeConfigurations(ConfigInvoker.java:318)
at org.testng.internal.TestMethodWorker.invokeBeforeClassMethods(TestMethodWorker.java:176)
at org.testng.internal.TestMethodWorker.run(TestMethodWorker.java:122)
at java.util.ArrayList.forEach(Unknown Source)
at org.testng.TestRunner.privateRun(TestRunner.java:767)
at org.testng.TestRunner.run(TestRunner.java:588)
at org.testng.SuiteRunner.runTest(SuiteRunner.java:384)
at org.testng.SuiteRunner.runSequentially(SuiteRunner.java:378)
at org.testng.SuiteRunner.privateRun(SuiteRunner.java:337)
at org.testng.SuiteRunner.run(SuiteRunner.java:286)
at org.testng.SuiteRunnerWorker.runSuite(SuiteRunnerWorker.java:53)
at org.testng.SuiteRunnerWorker.run(SuiteRunnerWorker.java:96)
at org.testng.TestNG.runSuitesSequentially(TestNG.java:1214)
at org.testng.TestNG.runSuitesLocally(TestNG.java:1136)
at org.testng.TestNG.runSuites(TestNG.java:1066)
at org.testng.TestNG.run(TestNG.java:1034)
at org.testng.remote.AbstractRemoteTestNG.run(AbstractRemoteTestNG.java:115)
at org.testng.remote.RemoteTestNG.initAndRun(RemoteTestNG.java:251)
at org.testng.remote.RemoteTestNG.main(RemoteTestNG.java:77)
]]>
    </error>
  </testcase> <!-- invokeBrowser -->
  <system-out/>
</testsuite> <!-- task6.Paramterization -->
